2015/03/27 08:34:39 INFO  - jmeter.util.JMeterUtils: Setting Locale to en_US 
2015/03/27 08:34:39 INFO  - jmeter.JMeter: Loading user properties from: /private/tmp/apache-jmeter-2.13.1/bin/user.properties 
2015/03/27 08:34:39 INFO  - jmeter.JMeter: Loading system properties from: /private/tmp/apache-jmeter-2.13.1/bin/system.properties 
2015/03/27 08:34:39 INFO  - jmeter.JMeter: Setting JMeter property: hostname=localhost 
2015/03/27 08:34:39 INFO  - jmeter.JMeter: Copyright (c) 1998-2015 The Apache Software Foundation 
2015/03/27 08:34:39 INFO  - jmeter.JMeter: Version 2.13.1 r1 
2015/03/27 08:34:39 INFO  - jmeter.JMeter: java.version=1.7.0_51 
2015/03/27 08:34:39 INFO  - jmeter.JMeter: java.vm.name=Java HotSpot(TM) 64-Bit Server VM 
2015/03/27 08:34:39 INFO  - jmeter.JMeter: os.name=Mac OS X 
2015/03/27 08:34:39 INFO  - jmeter.JMeter: os.arch=x86_64 
2015/03/27 08:34:39 INFO  - jmeter.JMeter: os.version=10.10.2 
2015/03/27 08:34:39 INFO  - jmeter.JMeter: file.encoding=UTF-8 
2015/03/27 08:34:39 INFO  - jmeter.JMeter: Default Locale=English (United States) 
2015/03/27 08:34:39 INFO  - jmeter.JMeter: JMeter  Locale=English (United States) 
2015/03/27 08:34:39 INFO  - jmeter.JMeter: JMeterHome=/private/tmp/apache-jmeter-2.13.1 
2015/03/27 08:34:39 INFO  - jmeter.JMeter: user.dir  =/Users/stevelowenthal/repos/labwork/jmetertest 
2015/03/27 08:34:39 INFO  - jmeter.JMeter: PWD       =/Users/stevelowenthal/repos/labwork/jmetertest 
2015/03/27 08:34:40 INFO  - jmeter.JMeter: IP: 10.146.133.37 Name: Gs-MacBook-Pro.local FullName: 10.146.133.37 
2015/03/27 08:34:40 INFO  - jmeter.services.FileServer: Default base='/Users/stevelowenthal/repos/labwork/jmetertest' 
2015/03/27 08:34:40 INFO  - jmeter.services.FileServer: Set new base='/Users/stevelowenthal/repos/labwork/jmetertest' 
2015/03/27 08:34:40 INFO  - jmeter.save.SaveService: Testplan (JMX) version: 2.2. Testlog (JTL) version: 2.2 
2015/03/27 08:34:40 INFO  - jmeter.save.SaveService: Using SaveService properties file encoding UTF-8 
2015/03/27 08:34:40 INFO  - jmeter.save.SaveService: Using SaveService properties version 2.8 
2015/03/27 08:34:40 INFO  - jmeter.save.SaveService: Using SaveService properties file version 1656252 
2015/03/27 08:34:40 INFO  - jmeter.save.SaveService: All converter versions present and correct 
2015/03/27 08:34:40 INFO  - jmeter.save.SaveService: Loading file: readwrite.jmx 
2015/03/27 08:34:40 INFO  - jmeter.JMeter: Creating summariser <summary> 
2015/03/27 08:34:40 INFO  - jmeter.engine.StandardJMeterEngine: Listeners will be started after enabling running version 
2015/03/27 08:34:40 INFO  - jmeter.engine.StandardJMeterEngine: To revert to the earlier behaviour, define jmeterengine.startlistenerslater=false 
2015/03/27 08:34:40 INFO  - jmeter.engine.StandardJMeterEngine: Running the test! 
2015/03/27 08:34:40 INFO  - jmeter.samplers.SampleEvent: List of sample_variables: [] 
2015/03/27 08:34:40 INFO  - jmeter.samplers.SampleEvent: List of sample_variables: [] 
2015/03/27 08:34:40 INFO  - jmeter.engine.util.CompoundVariable: Note: Function class names must contain the string: '.functions.' 
2015/03/27 08:34:40 INFO  - jmeter.engine.util.CompoundVariable: Note: Function class names must not contain the string: '.gui.' 
2015/03/27 08:34:41 INFO  - jmeter.JMeter: Running test (1427470481137) 
2015/03/27 08:34:41 INFO  - jmeter.engine.StandardJMeterEngine: Starting ThreadGroup: 1 : Readers 
2015/03/27 08:34:41 INFO  - jmeter.engine.StandardJMeterEngine: Starting 12 threads for group Readers. 
2015/03/27 08:34:41 INFO  - jmeter.engine.StandardJMeterEngine: Thread will continue on error 
2015/03/27 08:34:41 INFO  - jmeter.threads.ThreadGroup: Starting thread group number 1 threads 12 ramp-up 30 perThread 2500.0 delayedStart=false 
2015/03/27 08:34:41 INFO  - jmeter.threads.JMeterThread: jmeterthread.startearlier=true (see jmeter.properties) 
2015/03/27 08:34:41 INFO  - jmeter.threads.JMeterThread: Running PostProcessors in forward order 
2015/03/27 08:34:41 INFO  - jmeter.threads.JMeterThread: Thread started: Readers 1-1 
2015/03/27 08:34:41 INFO  - jmeter.threads.ThreadGroup: Started thread group number 1 
2015/03/27 08:34:41 INFO  - jmeter.engine.StandardJMeterEngine: Starting ThreadGroup: 2 : Writers 
2015/03/27 08:34:41 INFO  - jmeter.engine.StandardJMeterEngine: Starting 6 threads for group Writers. 
2015/03/27 08:34:41 INFO  - jmeter.engine.StandardJMeterEngine: Thread will continue on error 
2015/03/27 08:34:41 INFO  - jmeter.threads.ThreadGroup: Starting thread group number 2 threads 6 ramp-up 30 perThread 5000.0 delayedStart=false 
2015/03/27 08:34:41 INFO  - jmeter.threads.JMeterThread: Thread started: Writers 2-1 
2015/03/27 08:34:41 INFO  - jmeter.services.FileServer: Stored: tickers.csv Alias: tickers.csv@1362767943 
2015/03/27 08:34:41 INFO  - jmeter.services.FileServer: Stored: /CASOPT/csv/0303.full.csv Alias: /CASOPT/csv/0303.full.csv@1766572077 
2015/03/27 08:34:41 INFO  - jmeter.threads.ThreadGroup: Started thread group number 2 
2015/03/27 08:34:41 INFO  - jmeter.engine.StandardJMeterEngine: All thread groups have been started 
2015/03/27 08:34:41 INFO  - jmeter.services.FileServer: Stored: tradedates.csv Alias: tradedates.csv@1362767943 
2015/03/27 08:34:41 INFO  - jmeter.samplers.SampleResult: Note: Sample TimeStamps are START times 
2015/03/27 08:34:41 INFO  - jmeter.samplers.SampleResult: sampleresult.default.encoding is set to ISO-8859-1 
2015/03/27 08:34:41 INFO  - jmeter.samplers.SampleResult: sampleresult.useNanoTime=true 
2015/03/27 08:34:41 INFO  - jmeter.samplers.SampleResult: sampleresult.nanoThreadSleep=5000 
2015/03/27 08:34:43 INFO  - jmeter.threads.JMeterThread: Thread started: Readers 1-2 
2015/03/27 08:34:46 INFO  - jmeter.threads.JMeterThread: Thread started: Readers 1-3 
2015/03/27 08:34:46 INFO  - jmeter.threads.JMeterThread: Thread started: Writers 2-2 
2015/03/27 08:34:48 INFO  - jmeter.threads.JMeterThread: Thread started: Readers 1-4 
2015/03/27 08:34:51 INFO  - jmeter.threads.JMeterThread: Thread started: Readers 1-5 
2015/03/27 08:34:51 INFO  - jmeter.threads.JMeterThread: Thread started: Writers 2-3 
2015/03/27 08:34:53 INFO  - jmeter.threads.JMeterThread: Thread started: Readers 1-6 
2015/03/27 08:34:56 INFO  - jmeter.threads.JMeterThread: Thread started: Readers 1-7 
2015/03/27 08:34:56 INFO  - jmeter.threads.JMeterThread: Thread started: Writers 2-4 
2015/03/27 08:34:58 INFO  - jmeter.threads.JMeterThread: Thread started: Readers 1-8 
2015/03/27 08:35:00 INFO  - jmeter.reporters.DetailSummariser: 
0: Write trades                             44834 in    19s = 2388.3/s Avg:     0 Min:     0 Max:    38 Err:     0 (0.00%)
1: Write trades_by_tickerday                44833 in    19s = 2391.6/s Avg:     0 Min:     0 Max:    38 Err:     0 (0.00%)
2: Write trades_by_datehour                 44832 in    19s = 2392.1/s Avg:     0 Min:     0 Max:    39 Err:     0 (0.00%)
3: Trade by id                              49733 in  18.5s = 2693.8/s Avg:     0 Min:     0 Max:    39 Err:     0 (0.00%)
summary:                                 + 284019 in    19s = 15129.1/s Avg:     0 Min:     0 Max:    39 Err:     0 (0.00%) Active: 12 Started: 12 Finished: 0 
2015/03/27 08:35:01 INFO  - jmeter.threads.JMeterThread: Thread started: Readers 1-9 
2015/03/27 08:35:01 INFO  - jmeter.threads.JMeterThread: Thread started: Writers 2-5 
2015/03/27 08:35:03 INFO  - jmeter.threads.JMeterThread: Thread started: Readers 1-10 
2015/03/27 08:35:06 INFO  - jmeter.threads.JMeterThread: Thread started: Readers 1-11 
2015/03/27 08:35:06 INFO  - jmeter.threads.JMeterThread: Thread started: Writers 2-6 
2015/03/27 08:35:08 INFO  - jmeter.threads.JMeterThread: Thread started: Readers 1-12 
2015/03/27 08:35:26 INFO  - jmeter.reporters.ResultCollector: Shutdown hook started 
2015/03/27 08:35:26 INFO  - jmeter.reporters.ResultCollector: Shutdown hook ended 
